[debug] [2021-06-10T08:56:23.282Z] ----------------------------------------------------------------------
[debug] [2021-06-10T08:56:23.286Z] Command:       E:\NodeJS\node.exe C:\Users\User\AppData\Roaming\npm\node_modules\firebase-tools\lib\bin\firebase.js --debug deploy --only functions
[debug] [2021-06-10T08:56:23.286Z] CLI Version:   9.12.1
[debug] [2021-06-10T08:56:23.286Z] Platform:      win32
[debug] [2021-06-10T08:56:23.286Z] Node Version:  v12.18.0
[debug] [2021-06-10T08:56:23.288Z] Time:          Thu Jun 10 2021 14:26:23 GMT+0530 (India Standard Time)
[debug] [2021-06-10T08:56:23.288Z] ----------------------------------------------------------------------
[debug] 
[debug] [2021-06-10T08:56:23.303Z] > command requires scopes: ["email","openid","https://www.googleapis.com/auth/cloudplatformprojects.readonly","https://www.googleapis.com/auth/firebase","https://www.googleapis.com/auth/cloud-platform"]
[debug] [2021-06-10T08:56:23.306Z] > authorizing via signed-in user (alfredoghost123@gmail.com)
[debug] [2021-06-10T08:56:23.307Z] [iam] checking project foodenie for permissions ["cloudfunctions.functions.create","cloudfunctions.functions.delete","cloudfunctions.functions.get","cloudfunctions.functions.list","cloudfunctions.functions.update","cloudfunctions.operations.get","firebase.projects.get"]
[debug] [2021-06-10T08:56:23.313Z] >>> HTTP REQUEST POST https://cloudresourcemanager.googleapis.com/v1/projects/foodenie:testIamPermissions  
 {"permissions":["cloudfunctions.functions.create","cloudfunctions.functions.delete","cloudfunctions.functions.get","cloudfunctions.functions.list","cloudfunctions.functions.update","cloudfunctions.operations.get","firebase.projects.get"]}
[debug] [2021-06-10T08:56:24.564Z] <<< HTTP RESPONSE 200 {"content-type":"application/json; charset=UTF-8","vary":"X-Origin, Referer, Origin,Accept-Encoding","date":"Thu, 10 Jun 2021 08:56:24 GMT","server":"ESF","cache-control":"private","x-xss-protection":"0","x-frame-options":"SAMEORIGIN","x-content-type-options":"nosniff","server-timing":"gfet4t7; dur=1125","alt-svc":"h3=\":443\"; ma=2592000,h3-29=\":443\"; ma=2592000,h3-T051=\":443\"; ma=2592000,h3-Q050=\":443\"; ma=2592000,h3-Q046=\":443\"; ma=2592000,h3-Q043=\":443\"; ma=2592000,quic=\":443\"; ma=2592000; v=\"46,43\"","accept-ranges":"none","transfer-encoding":"chunked"}
[debug] [2021-06-10T08:56:24.576Z] >>> HTTP REQUEST POST https://iam.googleapis.com/v1/projects/foodenie/serviceAccounts/foodenie@appspot.gserviceaccount.com:testIamPermissions  
 {"permissions":["iam.serviceAccounts.actAs"]}
[debug] [2021-06-10T08:56:25.932Z] <<< HTTP RESPONSE 200 {"content-type":"application/json; charset=UTF-8","vary":"X-Origin, Referer, Origin,Accept-Encoding","date":"Thu, 10 Jun 2021 08:56:26 GMT","server":"ESF","cache-control":"private","x-xss-protection":"0","x-frame-options":"SAMEORIGIN","x-content-type-options":"nosniff","alt-svc":"h3-29=\":443\"; ma=2592000,h3-T051=\":443\"; ma=2592000,h3-Q050=\":443\"; ma=2592000,h3-Q046=\":443\"; ma=2592000,h3-Q043=\":443\"; ma=2592000,quic=\":443\"; ma=2592000; v=\"46,43\"","accept-ranges":"none","transfer-encoding":"chunked"}
[info] 
[info] === Deploying to 'foodenie'...
[info] 
[info] i  deploying functions 
[info] Running command: npm --prefix "$RESOURCE_DIR" run lint
[info] +  functions: Finished running predeploy script. 
[info] i  functions: ensuring required API cloudfunctions.googleapis.com is enabled... 
[info] i  functions: ensuring required API cloudbuild.googleapis.com is enabled... 
[debug] [2021-06-10T08:56:50.520Z] >>> HTTP REQUEST GET https://serviceusage.googleapis.com/v1/projects/foodenie/services/cloudfunctions.googleapis.com  
 
[debug] [2021-06-10T08:56:50.521Z] >>> HTTP REQUEST GET https://serviceusage.googleapis.com/v1/projects/foodenie/services/runtimeconfig.googleapis.com  
 
[debug] [2021-06-10T08:56:50.522Z] >>> HTTP REQUEST GET https://serviceusage.googleapis.com/v1/projects/foodenie/services/cloudbuild.googleapis.com  
 
[debug] [2021-06-10T08:56:52.091Z] <<< HTTP RESPONSE 200 {"content-type":"application/json; charset=UTF-8","vary":"X-Origin, Referer, Origin,Accept-Encoding","date":"Thu, 10 Jun 2021 08:56:52 GMT","server":"ESF","cache-control":"private","x-xss-protection":"0","x-frame-options":"SAMEORIGIN","x-content-type-options":"nosniff","alt-svc":"h3=\":443\"; ma=2592000,h3-29=\":443\"; ma=2592000,h3-T051=\":443\"; ma=2592000,h3-Q050=\":443\"; ma=2592000,h3-Q046=\":443\"; ma=2592000,h3-Q043=\":443\"; ma=2592000,quic=\":443\"; ma=2592000; v=\"46,43\"","accept-ranges":"none","transfer-encoding":"chunked"}
[debug] [2021-06-10T08:56:52.126Z] <<< HTTP RESPONSE 200 {"content-type":"application/json; charset=UTF-8","vary":"X-Origin, Referer, Origin,Accept-Encoding","date":"Thu, 10 Jun 2021 08:56:52 GMT","server":"ESF","cache-control":"private","x-xss-protection":"0","x-frame-options":"SAMEORIGIN","x-content-type-options":"nosniff","alt-svc":"h3=\":443\"; ma=2592000,h3-29=\":443\"; ma=2592000,h3-T051=\":443\"; ma=2592000,h3-Q050=\":443\"; ma=2592000,h3-Q046=\":443\"; ma=2592000,h3-Q043=\":443\"; ma=2592000,quic=\":443\"; ma=2592000; v=\"46,43\"","accept-ranges":"none","transfer-encoding":"chunked"}
[info] +  functions: required API cloudbuild.googleapis.com is enabled 
[debug] [2021-06-10T08:56:52.138Z] <<< HTTP RESPONSE 200 {"content-type":"application/json; charset=UTF-8","vary":"X-Origin, Referer, Origin,Accept-Encoding","date":"Thu, 10 Jun 2021 08:56:52 GMT","server":"ESF","cache-control":"private","x-xss-protection":"0","x-frame-options":"SAMEORIGIN","x-content-type-options":"nosniff","alt-svc":"h3=\":443\"; ma=2592000,h3-29=\":443\"; ma=2592000,h3-T051=\":443\"; ma=2592000,h3-Q050=\":443\"; ma=2592000,h3-Q046=\":443\"; ma=2592000,h3-Q043=\":443\"; ma=2592000,quic=\":443\"; ma=2592000; v=\"46,43\"","accept-ranges":"none","transfer-encoding":"chunked"}
[info] +  functions: required API cloudfunctions.googleapis.com is enabled 
[debug] [2021-06-10T08:56:52.143Z] >>> HTTP REQUEST GET https://firebase.googleapis.com/v1beta1/projects/foodenie/adminSdkConfig  
 
[debug] [2021-06-10T08:56:52.727Z] <<< HTTP RESPONSE 200 {"content-type":"application/json; charset=UTF-8","vary":"X-Origin, Referer, Origin,Accept-Encoding","date":"Thu, 10 Jun 2021 08:56:52 GMT","server":"ESF","cache-control":"private","x-xss-protection":"0","x-frame-options":"SAMEORIGIN","x-content-type-options":"nosniff","alt-svc":"h3-29=\":443\"; ma=2592000,h3-T051=\":443\"; ma=2592000,h3-Q050=\":443\"; ma=2592000,h3-Q046=\":443\"; ma=2592000,h3-Q043=\":443\"; ma=2592000,quic=\":443\"; ma=2592000; v=\"46,43\"","accept-ranges":"none","transfer-encoding":"chunked"}
[info] i  functions: preparing functions directory for uploading... 
[debug] [2021-06-10T08:56:52.735Z] >>> HTTP REQUEST GET https://runtimeconfig.googleapis.com/v1beta1/projects/foodenie/configs  
 
[debug] [2021-06-10T08:56:53.197Z] <<< HTTP RESPONSE 200 {"content-type":"application/json; charset=UTF-8","vary":"X-Origin, Referer, Origin,Accept-Encoding","date":"Thu, 10 Jun 2021 08:56:53 GMT","server":"ESF","cache-control":"private","x-xss-protection":"0","x-frame-options":"SAMEORIGIN","x-content-type-options":"nosniff","alt-svc":"h3-29=\":443\"; ma=2592000,h3-T051=\":443\"; ma=2592000,h3-Q050=\":443\"; ma=2592000,h3-Q046=\":443\"; ma=2592000,h3-Q043=\":443\"; ma=2592000,quic=\":443\"; ma=2592000; v=\"46,43\"","accept-ranges":"none","transfer-encoding":"chunked"}
[debug] [2021-06-10T08:56:53.200Z] Analyizing backend with strategy parseJSExports
[info] i  functions: packaged functions (34.28 KB) for uploading 
[debug] [2021-06-10T08:56:54.803Z] > [functions] package.json contents: {
  "name": "functions",
  "description": "Cloud Functions for Firebase",
  "scripts": {
    "lint": "eslint .",
    "serve": "firebase emulators:start --only functions",
    "shell": "firebase functions:shell",
    "start": "npm run shell",
    "deploy": "firebase deploy --only functions",
    "logs": "firebase functions:log"
  },
  "engines": {
    "node": "14"
  },
  "main": "index.js",
  "dependencies": {
    "firebase-admin": "^9.8.0",
    "firebase-functions": "^3.14.1"
  },
  "devDependencies": {
    "eslint": "^7.6.0",
    "eslint-config-google": "^0.14.0",
    "firebase-functions-test": "^0.2.0"
  },
  "private": true
}
[debug] [2021-06-10T08:56:54.810Z] >>> HTTP REQUEST GET https://cloudfunctions.googleapis.com/v1/projects/foodenie/locations/-/functions  
 
[debug] [2021-06-10T08:56:55.447Z] <<< HTTP RESPONSE 200 {"content-type":"application/json; charset=UTF-8","vary":"X-Origin, Referer, Origin,Accept-Encoding","date":"Thu, 10 Jun 2021 08:56:55 GMT","server":"ESF","cache-control":"private","x-xss-protection":"0","x-frame-options":"SAMEORIGIN","x-content-type-options":"nosniff","alt-svc":"h3-29=\":443\"; ma=2592000,h3-T051=\":443\"; ma=2592000,h3-Q050=\":443\"; ma=2592000,h3-Q046=\":443\"; ma=2592000,h3-Q043=\":443\"; ma=2592000,quic=\":443\"; ma=2592000; v=\"46,43\"","accept-ranges":"none","transfer-encoding":"chunked"}
[debug] [2021-06-10T08:56:55.463Z] >>> HTTP REQUEST POST https://cloudfunctions.googleapis.com/v1/projects/foodenie/locations/us-central1/functions:generateUploadUrl  
 
[debug] [2021-06-10T08:56:56.321Z] <<< HTTP RESPONSE 200 {"content-type":"application/json; charset=UTF-8","vary":"X-Origin, Referer, Origin,Accept-Encoding","date":"Thu, 10 Jun 2021 08:56:56 GMT","server":"ESF","cache-control":"private","x-xss-protection":"0","x-frame-options":"SAMEORIGIN","x-content-type-options":"nosniff","alt-svc":"h3-29=\":443\"; ma=2592000,h3-T051=\":443\"; ma=2592000,h3-Q050=\":443\"; ma=2592000,h3-Q046=\":443\"; ma=2592000,h3-Q043=\":443\"; ma=2592000,quic=\":443\"; ma=2592000; v=\"46,43\"","accept-ranges":"none","transfer-encoding":"chunked"}
[debug] [2021-06-10T08:56:56.328Z] >>> HTTP REQUEST PUT https://storage.googleapis.com/gcf-upload-us-central1-97876b47-89de-40a5-b2c9-ecbd2702d7a9/73fd345e-21c7-4b56-8452-e40fd587683c.zip?GoogleAccessId=service-216532867841@gcf-admin-robot.iam.gserviceaccount.com&Expires=1623317216&Signature=wtOZzDLzQAMZwJ%2FLwWw7lNNxw4gcnnVo1g8gl9IitFghego4NO1hVBQqYeiQqyTK9mU151Wx8vh3iqX1G2Wn4pet%2F861w8cnJ%2Fti0duOogN1OUPH2yNMmHjXgQxMtfu%2FOVbnrl9Lo%2FUnXML1i4gjRsVq9TV7Idpq%2FpgyQL1ydMho%2Bj9Bpz3b%2BJrrQiTPUTSJvyPAfzqFgJfkoRo5PrK7vz04aT2XrOauQiHksl5u4fRfFXgLtyqglM5K1A%2BrTMTULruy%2BVezO%2FcsLyRI7yseahBDRStqzbs8D79QON5Q7ak5bL%2FQL55kQVuMe9GQcbRqiRSvA7GOHcPFTVuvp%2FNLHw%3D%3D  
 <request body omitted>
[debug] [2021-06-10T08:56:56.841Z] <<< HTTP RESPONSE 200 {"x-guploader-uploadid":"ABg5-UwHfOAGETIgv_ARVEwvt-1eXTn76pVfnNOpj8Q4-Z9Po8gVQpX5EKEW8SIN92XS3vpovTyhoEA7jabGRQIVDYk","etag":"\"e52dcf373a678679764c440b318fb58c\"","x-goog-generation":"1623315416971985","x-goog-metageneration":"1","x-goog-hash":"crc32c=DHQJfQ==, md5=5S3PNzpnhnl2TEQLMY+1jA==","x-goog-stored-content-length":"35102","x-goog-stored-content-encoding":"identity","vary":"Origin","content-length":"0","date":"Thu, 10 Jun 2021 08:56:57 GMT","server":"UploadServer","content-type":"text/html; charset=UTF-8","alt-svc":"h3=\":443\"; ma=2592000,h3-29=\":443\"; ma=2592000,h3-T051=\":443\"; ma=2592000,h3-Q050=\":443\"; ma=2592000,h3-Q046=\":443\"; ma=2592000,h3-Q043=\":443\"; ma=2592000,quic=\":443\"; ma=2592000; v=\"46,43\""}
[info] +  functions: functions folder uploaded successfully 
[info] i  functions: updating Node.js 14 function app(us-central1)... 
[debug] [2021-06-10T08:56:56.862Z] >>> HTTP REQUEST PATCH https://cloudfunctions.googleapis.com/v1/projects/foodenie/locations/us-central1/functions/app {"updateMask":"name,sourceUploadUrl,entryPoint,runtime,httpsTrigger.securityLevel,labels,environmentVariables"} 
 {"name":"projects/foodenie/locations/us-central1/functions/app","sourceUploadUrl":"https://storage.googleapis.com/gcf-upload-us-central1-97876b47-89de-40a5-b2c9-ecbd2702d7a9/73fd345e-21c7-4b56-8452-e40fd587683c.zip?GoogleAccessId=service-216532867841@gcf-admin-robot.iam.gserviceaccount.com&Expires=1623317216&Signature=wtOZzDLzQAMZwJ%2FLwWw7lNNxw4gcnnVo1g8gl9IitFghego4NO1hVBQqYeiQqyTK9mU151Wx8vh3iqX1G2Wn4pet%2F861w8cnJ%2Fti0duOogN1OUPH2yNMmHjXgQxMtfu%2FOVbnrl9Lo%2FUnXML1i4gjRsVq9TV7Idpq%2FpgyQL1ydMho%2Bj9Bpz3b%2BJrrQiTPUTSJvyPAfzqFgJfkoRo5PrK7vz04aT2XrOauQiHksl5u4fRfFXgLtyqglM5K1A%2BrTMTULruy%2BVezO%2FcsLyRI7yseahBDRStqzbs8D79QON5Q7ak5bL%2FQL55kQVuMe9GQcbRqiRSvA7GOHcPFTVuvp%2FNLHw%3D%3D","entryPoint":"app","runtime":"nodejs14","httpsTrigger":{"securityLevel":"SECURE_OPTIONAL"},"labels":{"deployment-tool":"cli-firebase"},"environmentVariables":{"FIREBASE_CONFIG":"{\"projectId\":\"foodenie\",\"databaseURL\":\"https://foodenie-default-rtdb.firebaseio.com\",\"storageBucket\":\"foodenie.appspot.com\",\"locationId\":\"asia-south1\"}"}}
[debug] [2021-06-10T08:56:57.594Z] <<< HTTP RESPONSE 200 {"content-type":"application/json; charset=UTF-8","vary":"X-Origin, Referer, Origin,Accept-Encoding","date":"Thu, 10 Jun 2021 08:56:57 GMT","server":"ESF","cache-control":"private","x-xss-protection":"0","x-frame-options":"SAMEORIGIN","x-content-type-options":"nosniff","alt-svc":"h3-29=\":443\"; ma=2592000,h3-T051=\":443\"; ma=2592000,h3-Q050=\":443\"; ma=2592000,h3-Q046=\":443\"; ma=2592000,h3-Q043=\":443\"; ma=2592000,quic=\":443\"; ma=2592000; v=\"46,43\"","accept-ranges":"none","transfer-encoding":"chunked"}
[debug] [2021-06-10T08:56:57.607Z] > refreshing access token with scopes: []
[debug] [2021-06-10T08:56:57.611Z] >>> HTTP REQUEST POST https://www.googleapis.com/oauth2/v3/token  
 <request body omitted>
[debug] [2021-06-10T08:56:57.770Z] <<< HTTP RESPONSE 200 {"date":"Thu, 10 Jun 2021 08:56:58 GMT","cache-control":"no-cache, no-store, max-age=0, must-revalidate","pragma":"no-cache","expires":"Mon, 01 Jan 1990 00:00:00 GMT","content-type":"application/json; charset=utf-8","vary":"X-Origin, Referer, Origin,Accept-Encoding","server":"scaffolding on HTTPServer2","x-xss-protection":"0","x-frame-options":"SAMEORIGIN","x-content-type-options":"nosniff","alt-svc":"h3-29=\":443\"; ma=2592000,h3-T051=\":443\"; ma=2592000,h3-Q050=\":443\"; ma=2592000,h3-Q046=\":443\"; ma=2592000,h3-Q043=\":443\"; ma=2592000,quic=\":443\"; ma=2592000; v=\"46,43\"","accept-ranges":"none","transfer-encoding":"chunked"}
[debug] [2021-06-10T08:56:59.138Z] >>> [apiv2][query] GET https://cloudfunctions.googleapis.com/v1/operations/Zm9vZGVuaWUvdXMtY2VudHJhbDEvYXBwL3MyTGcwaVVXUVJZ [none]
[debug] [2021-06-10T08:56:59.635Z] <<< [apiv2][status] GET https://cloudfunctions.googleapis.com/v1/operations/Zm9vZGVuaWUvdXMtY2VudHJhbDEvYXBwL3MyTGcwaVVXUVJZ 200
[debug] [2021-06-10T08:56:59.637Z] <<< [apiv2][body] GET https://cloudfunctions.googleapis.com/v1/operations/Zm9vZGVuaWUvdXMtY2VudHJhbDEvYXBwL3MyTGcwaVVXUVJZ {"name":"operations/Zm9vZGVuaWUvdXMtY2VudHJhbDEvYXBwL3MyTGcwaVVXUVJZ","metadata":{"@type":"type.googleapis.com/google.cloud.functions.v1.OperationMetadataV1","target":"projects/foodenie/locations/us-central1/functions/app","type":"UPDATE_FUNCTION","request":{"@type":"type.googleapis.com/google.cloud.functions.v1.CloudFunction","name":"projects/foodenie/locations/us-central1/functions/app","httpsTrigger":{"url":"https://us-central1-foodenie.cloudfunctions.net/app","securityLevel":"SECURE_OPTIONAL"},"status":"UNKNOWN","entryPoint":"app","timeout":"60s","availableMemoryMb":256,"serviceAccountEmail":"foodenie@appspot.gserviceaccount.com","updateTime":"2021-06-10T08:43:53.157Z","versionId":"2","labels":{"deployment-tool":"cli-firebase"},"sourceUploadUrl":"https://storage.googleapis.com/gcf-upload-us-central1-97876b47-89de-40a5-b2c9-ecbd2702d7a9/73fd345e-21c7-4b56-8452-e40fd587683c.zip?GoogleAccessId=service-216532867841@gcf-admin-robot.iam.gserviceaccount.com&Expires=1623317216&Signature=wtOZzDLzQAMZwJ%2FLwWw7lNNxw4gcnnVo1g8gl9IitFghego4NO1hVBQqYeiQqyTK9mU151Wx8vh3iqX1G2Wn4pet%2F861w8cnJ%2Fti0duOogN1OUPH2yNMmHjXgQxMtfu%2FOVbnrl9Lo%2FUnXML1i4gjRsVq9TV7Idpq%2FpgyQL1ydMho%2Bj9Bpz3b%2BJrrQiTPUTSJvyPAfzqFgJfkoRo5PrK7vz04aT2XrOauQiHksl5u4fRfFXgLtyqglM5K1A%2BrTMTULruy%2BVezO%2FcsLyRI7yseahBDRStqzbs8D79QON5Q7ak5bL%2FQL55kQVuMe9GQcbRqiRSvA7GOHcPFTVuvp%2FNLHw%3D%3D","environmentVariables":{"FIREBASE_CONFIG":"{\"projectId\":\"foodenie\",\"databaseURL\":\"https://foodenie-default-rtdb.firebaseio.com\",\"storageBucket\":\"foodenie.appspot.com\",\"locationId\":\"asia-south1\"}"},"runtime":"nodejs14","ingressSettings":"ALLOW_ALL"},"versionId":"3","updateTime":"2021-06-10T08:56:58Z"},"done":true,"error":{"code":9,"message":"Failed to initialize region (action ID: 5647a0200b53abfc): Cloud storage operation for gcf-sources-216532867841-us-central1 failed as the billing account is not available"}}
[debug] [2021-06-10T08:56:59.644Z] Got sourceToken undefined for region us-central1
[debug] [2021-06-10T08:56:59.656Z] Total Function Deployment time: 2801
[debug] [2021-06-10T08:56:59.657Z] 1 Functions Deployed
[debug] [2021-06-10T08:56:59.658Z] 1 Functions Errored
[debug] [2021-06-10T08:56:59.659Z] Average Function Deployment time: 2800
[debug] [2021-06-10T08:56:59.661Z] > refreshing access token with scopes: ["email","https://www.googleapis.com/auth/cloud-platform","https://www.googleapis.com/auth/cloudplatformprojects.readonly","https://www.googleapis.com/auth/firebase","openid"]
[debug] [2021-06-10T08:56:59.662Z] >>> HTTP REQUEST POST https://www.googleapis.com/oauth2/v3/token  
 <request body omitted>
[debug] [2021-06-10T08:56:59.811Z] <<< HTTP RESPONSE 200 {"date":"Thu, 10 Jun 2021 08:57:00 GMT","cache-control":"no-cache, no-store, max-age=0, must-revalidate","expires":"Mon, 01 Jan 1990 00:00:00 GMT","pragma":"no-cache","content-type":"application/json; charset=utf-8","vary":"X-Origin, Referer, Origin,Accept-Encoding","server":"scaffolding on HTTPServer2","x-xss-protection":"0","x-frame-options":"SAMEORIGIN","x-content-type-options":"nosniff","alt-svc":"h3-29=\":443\"; ma=2592000,h3-T051=\":443\"; ma=2592000,h3-Q050=\":443\"; ma=2592000,h3-Q046=\":443\"; ma=2592000,h3-Q043=\":443\"; ma=2592000,quic=\":443\"; ma=2592000; v=\"46,43\"","accept-ranges":"none","transfer-encoding":"chunked"}
[debug] [2021-06-10T08:57:00.580Z] >>> HTTP REQUEST GET https://cloudfunctions.googleapis.com/v1/projects/foodenie/locations/-/functions  
 
[debug] [2021-06-10T08:57:01.242Z] <<< HTTP RESPONSE 200 {"content-type":"application/json; charset=UTF-8","vary":"X-Origin, Referer, Origin,Accept-Encoding","date":"Thu, 10 Jun 2021 08:57:01 GMT","server":"ESF","cache-control":"private","x-xss-protection":"0","x-frame-options":"SAMEORIGIN","x-content-type-options":"nosniff","alt-svc":"h3-29=\":443\"; ma=2592000,h3-T051=\":443\"; ma=2592000,h3-Q050=\":443\"; ma=2592000,h3-Q046=\":443\"; ma=2592000,h3-Q043=\":443\"; ma=2592000,quic=\":443\"; ma=2592000; v=\"46,43\"","accept-ranges":"none","transfer-encoding":"chunked"}
[info] Function URL (app(us-central1)): https://us-central1-foodenie.cloudfunctions.net/app
[info] 
Functions deploy had errors with the following functions:
[info] 	app(us-central1)
[info] 
To try redeploying those functions, run:
[info]     firebase deploy --only "functions:app"
[info] 
To continue deploying other features (such as database), run:
[info]     firebase deploy --except functions
[debug] [2021-06-10T08:57:01.254Z] 	Error during update for projects/foodenie/locations/us-central1/functions/app: 
[error] 
[error] Error: Functions did not deploy properly.
