[debug] [2021-06-20T08:37:46.318Z] ----------------------------------------------------------------------
[debug] [2021-06-20T08:37:46.320Z] Command:       E:\NodeJS\node.exe C:\Users\User\AppData\Roaming\npm\node_modules\firebase-tools\lib\bin\firebase.js --debug deploy --only functions
[debug] [2021-06-20T08:37:46.320Z] CLI Version:   9.13.1
[debug] [2021-06-20T08:37:46.320Z] Platform:      win32
[debug] [2021-06-20T08:37:46.320Z] Node Version:  v12.18.0
[debug] [2021-06-20T08:37:46.322Z] Time:          Sun Jun 20 2021 14:07:46 GMT+0530 (India Standard Time)
[debug] [2021-06-20T08:37:46.322Z] ----------------------------------------------------------------------
[debug] 
[debug] [2021-06-20T08:37:46.331Z] > command requires scopes: ["email","openid","https://www.googleapis.com/auth/cloudplatformprojects.readonly","https://www.googleapis.com/auth/firebase","https://www.googleapis.com/auth/cloud-platform"]
[debug] [2021-06-20T08:37:46.333Z] > authorizing via signed-in user (alfredoghost123@gmail.com)
[debug] [2021-06-20T08:37:46.334Z] [iam] checking project foodenie for permissions ["cloudfunctions.functions.create","cloudfunctions.functions.delete","cloudfunctions.functions.get","cloudfunctions.functions.list","cloudfunctions.functions.update","cloudfunctions.operations.get","firebase.projects.get"]
[debug] [2021-06-20T08:37:46.339Z] >>> HTTP REQUEST POST https://cloudresourcemanager.googleapis.com/v1/projects/foodenie:testIamPermissions  
 {"permissions":["cloudfunctions.functions.create","cloudfunctions.functions.delete","cloudfunctions.functions.get","cloudfunctions.functions.list","cloudfunctions.functions.update","cloudfunctions.operations.get","firebase.projects.get"]}
[debug] [2021-06-20T08:37:47.690Z] <<< HTTP RESPONSE 200 {"content-type":"application/json; charset=UTF-8","vary":"X-Origin, Referer, Origin,Accept-Encoding","date":"Sun, 20 Jun 2021 08:37:47 GMT","server":"ESF","cache-control":"private","x-xss-protection":"0","x-frame-options":"SAMEORIGIN","x-content-type-options":"nosniff","server-timing":"gfet4t7; dur=1213","alt-svc":"h3=\":443\"; ma=2592000,h3-29=\":443\"; ma=2592000,h3-T051=\":443\"; ma=2592000,h3-Q050=\":443\"; ma=2592000,h3-Q046=\":443\"; ma=2592000,h3-Q043=\":443\"; ma=2592000,quic=\":443\"; ma=2592000; v=\"46,43\"","accept-ranges":"none","transfer-encoding":"chunked"}
[debug] [2021-06-20T08:37:47.696Z] >>> HTTP REQUEST POST https://iam.googleapis.com/v1/projects/foodenie/serviceAccounts/foodenie@appspot.gserviceaccount.com:testIamPermissions  
 {"permissions":["iam.serviceAccounts.actAs"]}
[debug] [2021-06-20T08:37:49.089Z] <<< HTTP RESPONSE 200 {"content-type":"application/json; charset=UTF-8","vary":"X-Origin, Referer, Origin,Accept-Encoding","date":"Sun, 20 Jun 2021 08:37:49 GMT","server":"ESF","cache-control":"private","x-xss-protection":"0","x-frame-options":"SAMEORIGIN","x-content-type-options":"nosniff","alt-svc":"h3=\":443\"; ma=2592000,h3-29=\":443\"; ma=2592000,h3-T051=\":443\"; ma=2592000,h3-Q050=\":443\"; ma=2592000,h3-Q046=\":443\"; ma=2592000,h3-Q043=\":443\"; ma=2592000,quic=\":443\"; ma=2592000; v=\"46,43\"","accept-ranges":"none","transfer-encoding":"chunked"}
[info] 
[info] === Deploying to 'foodenie'...
[info] 
[info] i  deploying functions 
[info] +  functions: Finished running predeploy script. 
[debug] [2021-06-20T08:37:49.102Z] Validating nodejs source
[debug] [2021-06-20T08:37:54.766Z] > [functions] package.json contents: {
  "name": "functions",
  "description": "Cloud Functions for Firebase",
  "scripts": {
    "lint": "eslint .",
    "serve": "firebase emulators:start --only functions",
    "shell": "firebase functions:shell",
    "start": "npm run shell",
    "deploy": "firebase deploy --only functions",
    "logs": "firebase functions:log",
    "dev": "nodemon index.js",
    "test": "node index.js"
  },
  "engines": {
    "node": "14"
  },
  "main": "index.js",
  "dependencies": {
    "babel-eslint": "^10.1.0",
    "content-based-recommender": "^1.5.0",
    "firebase": "^7.6.1",
    "firebase-admin": "^8.6.0",
    "firebase-functions": "^3.2.0"
  },
  "devDependencies": {
    "eslint": "^7.6.0",
    "eslint-config-google": "^0.14.0",
    "firebase-functions-test": "^0.2.0"
  },
  "resolutions": {
    "@grpc/grpc-js": "0.6.18",
    "google-gax": "1.6.2"
  },
  "private": true
}
[debug] [2021-06-20T08:37:54.781Z] Building nodejs source
[info] i  functions: ensuring required API cloudfunctions.googleapis.com is enabled... 
[info] i  functions: ensuring required API cloudbuild.googleapis.com is enabled... 
[debug] [2021-06-20T08:37:54.785Z] >>> HTTP REQUEST GET https://serviceusage.googleapis.com/v1/projects/foodenie/services/cloudfunctions.googleapis.com  
 
[debug] [2021-06-20T08:37:54.789Z] >>> HTTP REQUEST GET https://serviceusage.googleapis.com/v1/projects/foodenie/services/runtimeconfig.googleapis.com  
 
[debug] [2021-06-20T08:37:54.790Z] >>> HTTP REQUEST GET https://serviceusage.googleapis.com/v1/projects/foodenie/services/cloudbuild.googleapis.com  
 
[debug] [2021-06-20T08:37:56.500Z] <<< HTTP RESPONSE 200 {"content-type":"application/json; charset=UTF-8","vary":"X-Origin, Referer, Origin,Accept-Encoding","date":"Sun, 20 Jun 2021 08:37:56 GMT","server":"ESF","cache-control":"private","x-xss-protection":"0","x-frame-options":"SAMEORIGIN","x-content-type-options":"nosniff","alt-svc":"h3=\":443\"; ma=2592000,h3-29=\":443\"; ma=2592000,h3-T051=\":443\"; ma=2592000,h3-Q050=\":443\"; ma=2592000,h3-Q046=\":443\"; ma=2592000,h3-Q043=\":443\"; ma=2592000,quic=\":443\"; ma=2592000; v=\"46,43\"","accept-ranges":"none","transfer-encoding":"chunked"}
[debug] [2021-06-20T08:37:56.509Z] <<< HTTP RESPONSE 200 {"content-type":"application/json; charset=UTF-8","vary":"X-Origin, Referer, Origin,Accept-Encoding","date":"Sun, 20 Jun 2021 08:37:56 GMT","server":"ESF","cache-control":"private","x-xss-protection":"0","x-frame-options":"SAMEORIGIN","x-content-type-options":"nosniff","alt-svc":"h3=\":443\"; ma=2592000,h3-29=\":443\"; ma=2592000,h3-T051=\":443\"; ma=2592000,h3-Q050=\":443\"; ma=2592000,h3-Q046=\":443\"; ma=2592000,h3-Q043=\":443\"; ma=2592000,quic=\":443\"; ma=2592000; v=\"46,43\"","accept-ranges":"none","transfer-encoding":"chunked"}
[info] +  functions: required API cloudbuild.googleapis.com is enabled 
[debug] [2021-06-20T08:37:56.561Z] <<< HTTP RESPONSE 200 {"content-type":"application/json; charset=UTF-8","vary":"X-Origin, Referer, Origin,Accept-Encoding","date":"Sun, 20 Jun 2021 08:37:56 GMT","server":"ESF","cache-control":"private","x-xss-protection":"0","x-frame-options":"SAMEORIGIN","x-content-type-options":"nosniff","alt-svc":"h3=\":443\"; ma=2592000,h3-29=\":443\"; ma=2592000,h3-T051=\":443\"; ma=2592000,h3-Q050=\":443\"; ma=2592000,h3-Q046=\":443\"; ma=2592000,h3-Q043=\":443\"; ma=2592000,quic=\":443\"; ma=2592000; v=\"46,43\"","accept-ranges":"none","transfer-encoding":"chunked"}
[info] +  functions: required API cloudfunctions.googleapis.com is enabled 
[debug] [2021-06-20T08:37:56.564Z] >>> HTTP REQUEST GET https://firebase.googleapis.com/v1beta1/projects/foodenie/adminSdkConfig  
 
[debug] [2021-06-20T08:37:58.445Z] <<< HTTP RESPONSE 200 {"content-type":"application/json; charset=UTF-8","vary":"X-Origin, Referer, Origin,Accept-Encoding","date":"Sun, 20 Jun 2021 08:37:57 GMT","server":"ESF","cache-control":"private","x-xss-protection":"0","x-frame-options":"SAMEORIGIN","x-content-type-options":"nosniff","alt-svc":"h3=\":443\"; ma=2592000,h3-29=\":443\"; ma=2592000,h3-T051=\":443\"; ma=2592000,h3-Q050=\":443\"; ma=2592000,h3-Q046=\":443\"; ma=2592000,h3-Q043=\":443\"; ma=2592000,quic=\":443\"; ma=2592000; v=\"46,43\"","accept-ranges":"none","transfer-encoding":"chunked"}
[debug] [2021-06-20T08:37:58.452Z] >>> HTTP REQUEST GET https://runtimeconfig.googleapis.com/v1beta1/projects/foodenie/configs  
 
[debug] [2021-06-20T08:37:58.967Z] <<< HTTP RESPONSE 200 {"content-type":"application/json; charset=UTF-8","vary":"X-Origin, Referer, Origin,Accept-Encoding","date":"Sun, 20 Jun 2021 08:37:59 GMT","server":"ESF","cache-control":"private","x-xss-protection":"0","x-frame-options":"SAMEORIGIN","x-content-type-options":"nosniff","alt-svc":"h3=\":443\"; ma=2592000,h3-29=\":443\"; ma=2592000,h3-T051=\":443\"; ma=2592000,h3-Q050=\":443\"; ma=2592000,h3-Q046=\":443\"; ma=2592000,h3-Q043=\":443\"; ma=2592000,quic=\":443\"; ma=2592000; v=\"46,43\"","accept-ranges":"none","transfer-encoding":"chunked"}
[debug] [2021-06-20T08:37:58.972Z] Analyzing nodejs backend spec
[info] i  functions: preparing functions directory for uploading... 
[info] i  functions: packaged functions (409.57 KB) for uploading 
[debug] [2021-06-20T08:38:00.440Z] >>> HTTP REQUEST GET https://cloudfunctions.googleapis.com/v1/projects/foodenie/locations/-/functions  
 
[debug] [2021-06-20T08:38:02.095Z] <<< HTTP RESPONSE 200 {"content-type":"application/json; charset=UTF-8","vary":"X-Origin, Referer, Origin,Accept-Encoding","date":"Sun, 20 Jun 2021 08:38:01 GMT","server":"ESF","cache-control":"private","x-xss-protection":"0","x-frame-options":"SAMEORIGIN","x-content-type-options":"nosniff","alt-svc":"h3=\":443\"; ma=2592000,h3-29=\":443\"; ma=2592000,h3-T051=\":443\"; ma=2592000,h3-Q050=\":443\"; ma=2592000,h3-Q046=\":443\"; ma=2592000,h3-Q043=\":443\"; ma=2592000,quic=\":443\"; ma=2592000; v=\"46,43\"","accept-ranges":"none","transfer-encoding":"chunked"}
[debug] [2021-06-20T08:38:02.107Z] >>> HTTP REQUEST POST https://cloudfunctions.googleapis.com/v1/projects/foodenie/locations/us-central1/functions:generateUploadUrl  
 
[debug] [2021-06-20T08:38:02.913Z] <<< HTTP RESPONSE 200 {"content-type":"application/json; charset=UTF-8","vary":"X-Origin, Referer, Origin,Accept-Encoding","date":"Sun, 20 Jun 2021 08:38:03 GMT","server":"ESF","cache-control":"private","x-xss-protection":"0","x-frame-options":"SAMEORIGIN","x-content-type-options":"nosniff","alt-svc":"h3=\":443\"; ma=2592000,h3-29=\":443\"; ma=2592000,h3-T051=\":443\"; ma=2592000,h3-Q050=\":443\"; ma=2592000,h3-Q046=\":443\"; ma=2592000,h3-Q043=\":443\"; ma=2592000,quic=\":443\"; ma=2592000; v=\"46,43\"","accept-ranges":"none","transfer-encoding":"chunked"}
[debug] [2021-06-20T08:38:02.943Z] >>> HTTP REQUEST PUT https://storage.googleapis.com/gcf-upload-us-central1-97876b47-89de-40a5-b2c9-ecbd2702d7a9/172c977c-4b07-4da9-a155-9e85055b4075.zip?GoogleAccessId=service-216532867841@gcf-admin-robot.iam.gserviceaccount.com&Expires=1624180082&Signature=NrQhZhyEbwZn1vFDQIHql4HagmCAcM2ylA9MB8pzmESS%2F4XRMXGXartunpHoOdWOTwd5bNK5yELwfkYukOzqS0aYVKE0VJ%2BSiJ1VibyZP0Dq3iCC28cGcWRmdSToc%2Bq7XsOFewlZ%2B0NejJXb8%2FxQJijkoGWiUaFUKUKJ%2FR69KVg8ujmkF9ocTBA8ifXHnRsn%2FR%2B%2FCHgKkpUbK7FOuk%2Fp914YE3KXSEehMMGPG0c8AoRUoSmqhsVmSEXfjSfBgdq3rfFuIeyjGwa7UcF7%2FXLRrbN14mJAmcNJNwAita5w2wqlsMyTmvwz7eqAIEBzT5AN%2FNVvKCXOC9pi3%2F9HAPsoqg%3D%3D  
 <request body omitted>
[debug] [2021-06-20T08:38:06.461Z] <<< HTTP RESPONSE 200 {"x-guploader-uploadid":"ABg5-UwQyKI0EVa8G54iRx4jWNDJakE1tbn1gYoM0GPOezXiL_Bc5CTAOfWsZOQk-gWHX52g8ghL4dumDpZ3AftogCg","etag":"\"4bc92cf06d854d91bff39bc848543f77\"","x-goog-generation":"1624178285643281","x-goog-metageneration":"1","x-goog-hash":"crc32c=GxKM7Q==, md5=S8ks8G2FTZG/85vISFQ/dw==","x-goog-stored-content-length":"419400","x-goog-stored-content-encoding":"identity","vary":"Origin","content-length":"0","date":"Sun, 20 Jun 2021 08:38:05 GMT","server":"UploadServer","content-type":"text/html; charset=UTF-8","alt-svc":"h3=\":443\"; ma=2592000,h3-29=\":443\"; ma=2592000,h3-T051=\":443\"; ma=2592000,h3-Q050=\":443\"; ma=2592000,h3-Q046=\":443\"; ma=2592000,h3-Q043=\":443\"; ma=2592000,quic=\":443\"; ma=2592000; v=\"46,43\""}
[info] +  functions: functions folder uploaded successfully 
[info] i  functions: updating Node.js 14 function app(us-central1)... 
[debug] [2021-06-20T08:38:06.485Z] >>> HTTP REQUEST PATCH https://cloudfunctions.googleapis.com/v1/projects/foodenie/locations/us-central1/functions/app {"updateMask":"name,sourceUploadUrl,entryPoint,runtime,httpsTrigger.securityLevel,labels,environmentVariables"} 
 {"name":"projects/foodenie/locations/us-central1/functions/app","sourceUploadUrl":"https://storage.googleapis.com/gcf-upload-us-central1-97876b47-89de-40a5-b2c9-ecbd2702d7a9/172c977c-4b07-4da9-a155-9e85055b4075.zip?GoogleAccessId=service-216532867841@gcf-admin-robot.iam.gserviceaccount.com&Expires=1624180082&Signature=NrQhZhyEbwZn1vFDQIHql4HagmCAcM2ylA9MB8pzmESS%2F4XRMXGXartunpHoOdWOTwd5bNK5yELwfkYukOzqS0aYVKE0VJ%2BSiJ1VibyZP0Dq3iCC28cGcWRmdSToc%2Bq7XsOFewlZ%2B0NejJXb8%2FxQJijkoGWiUaFUKUKJ%2FR69KVg8ujmkF9ocTBA8ifXHnRsn%2FR%2B%2FCHgKkpUbK7FOuk%2Fp914YE3KXSEehMMGPG0c8AoRUoSmqhsVmSEXfjSfBgdq3rfFuIeyjGwa7UcF7%2FXLRrbN14mJAmcNJNwAita5w2wqlsMyTmvwz7eqAIEBzT5AN%2FNVvKCXOC9pi3%2F9HAPsoqg%3D%3D","entryPoint":"app","runtime":"nodejs14","httpsTrigger":{"securityLevel":"SECURE_OPTIONAL"},"labels":{"deployment-tool":"cli-firebase"},"environmentVariables":{"FIREBASE_CONFIG":"{\"projectId\":\"foodenie\",\"databaseURL\":\"https://foodenie-default-rtdb.firebaseio.com\",\"storageBucket\":\"foodenie.appspot.com\",\"locationId\":\"asia-south1\"}"}}
[debug] [2021-06-20T08:38:07.195Z] <<< HTTP RESPONSE 200 {"content-type":"application/json; charset=UTF-8","vary":"X-Origin, Referer, Origin,Accept-Encoding","date":"Sun, 20 Jun 2021 08:38:07 GMT","server":"ESF","cache-control":"private","x-xss-protection":"0","x-frame-options":"SAMEORIGIN","x-content-type-options":"nosniff","alt-svc":"h3=\":443\"; ma=2592000,h3-29=\":443\"; ma=2592000,h3-T051=\":443\"; ma=2592000,h3-Q050=\":443\"; ma=2592000,h3-Q046=\":443\"; ma=2592000,h3-Q043=\":443\"; ma=2592000,quic=\":443\"; ma=2592000; v=\"46,43\"","accept-ranges":"none","transfer-encoding":"chunked"}
[debug] [2021-06-20T08:38:07.207Z] > refreshing access token with scopes: []
[debug] [2021-06-20T08:38:07.209Z] >>> HTTP REQUEST POST https://www.googleapis.com/oauth2/v3/token  
 <request body omitted>
[debug] [2021-06-20T08:38:07.437Z] <<< HTTP RESPONSE 200 {"cache-control":"no-cache, no-store, max-age=0, must-revalidate","expires":"Mon, 01 Jan 1990 00:00:00 GMT","pragma":"no-cache","date":"Sun, 20 Jun 2021 08:38:07 GMT","content-type":"application/json; charset=utf-8","vary":"X-Origin, Referer, Origin,Accept-Encoding","server":"scaffolding on HTTPServer2","x-xss-protection":"0","x-frame-options":"SAMEORIGIN","x-content-type-options":"nosniff","alt-svc":"h3=\":443\"; ma=2592000,h3-29=\":443\"; ma=2592000,h3-T051=\":443\"; ma=2592000,h3-Q050=\":443\"; ma=2592000,h3-Q046=\":443\"; ma=2592000,h3-Q043=\":443\"; ma=2592000,quic=\":443\"; ma=2592000; v=\"46,43\"","accept-ranges":"none","transfer-encoding":"chunked"}
[debug] [2021-06-20T08:38:07.557Z] >>> [apiv2][query] GET https://cloudfunctions.googleapis.com/v1/operations/Zm9vZGVuaWUvdXMtY2VudHJhbDEvYXBwL0NMRjlOUHY3ekpV [none]
[debug] [2021-06-20T08:38:08.128Z] <<< [apiv2][status] GET https://cloudfunctions.googleapis.com/v1/operations/Zm9vZGVuaWUvdXMtY2VudHJhbDEvYXBwL0NMRjlOUHY3ekpV 200
[debug] [2021-06-20T08:38:08.130Z] <<< [apiv2][body] GET https://cloudfunctions.googleapis.com/v1/operations/Zm9vZGVuaWUvdXMtY2VudHJhbDEvYXBwL0NMRjlOUHY3ekpV {"name":"operations/Zm9vZGVuaWUvdXMtY2VudHJhbDEvYXBwL0NMRjlOUHY3ekpV","metadata":{"@type":"type.googleapis.com/google.cloud.functions.v1.OperationMetadataV1","target":"projects/foodenie/locations/us-central1/functions/app","type":"UPDATE_FUNCTION","request":{"@type":"type.googleapis.com/google.cloud.functions.v1.CloudFunction","name":"projects/foodenie/locations/us-central1/functions/app","httpsTrigger":{"url":"https://us-central1-foodenie.cloudfunctions.net/app","securityLevel":"SECURE_OPTIONAL"},"status":"ACTIVE","entryPoint":"app","timeout":"60s","availableMemoryMb":256,"serviceAccountEmail":"foodenie@appspot.gserviceaccount.com","updateTime":"2021-06-20T08:25:09.635Z","versionId":"25","labels":{"deployment-tool":"cli-firebase"},"sourceUploadUrl":"https://storage.googleapis.com/gcf-upload-us-central1-97876b47-89de-40a5-b2c9-ecbd2702d7a9/172c977c-4b07-4da9-a155-9e85055b4075.zip?GoogleAccessId=service-216532867841@gcf-admin-robot.iam.gserviceaccount.com&Expires=1624180082&Signature=NrQhZhyEbwZn1vFDQIHql4HagmCAcM2ylA9MB8pzmESS%2F4XRMXGXartunpHoOdWOTwd5bNK5yELwfkYukOzqS0aYVKE0VJ%2BSiJ1VibyZP0Dq3iCC28cGcWRmdSToc%2Bq7XsOFewlZ%2B0NejJXb8%2FxQJijkoGWiUaFUKUKJ%2FR69KVg8ujmkF9ocTBA8ifXHnRsn%2FR%2B%2FCHgKkpUbK7FOuk%2Fp914YE3KXSEehMMGPG0c8AoRUoSmqhsVmSEXfjSfBgdq3rfFuIeyjGwa7UcF7%2FXLRrbN14mJAmcNJNwAita5w2wqlsMyTmvwz7eqAIEBzT5AN%2FNVvKCXOC9pi3%2F9HAPsoqg%3D%3D","environmentVariables":{"FIREBASE_CONFIG":"{\"projectId\":\"foodenie\",\"databaseURL\":\"https://foodenie-default-rtdb.firebaseio.com\",\"storageBucket\":\"foodenie.appspot.com\",\"locationId\":\"asia-south1\"}"},"runtime":"nodejs14","ingressSettings":"ALLOW_ALL","buildId":"82cbaae4-1aba-43e8-84a3-71e17429cbda"},"versionId":"27","updateTime":"2021-06-20T08:38:07Z","buildId":"2a591d1c-6b62-443b-bd31-7466993a1fb5","buildName":"projects/216532867841/locations/us-central1/builds/2a591d1c-6b62-443b-bd31-7466993a1fb5"}}
[debug] [2021-06-20T08:38:08.647Z] [update-projects/foodenie/locations/us-central1/functions/app] Retrying task index 0
[debug] [2021-06-20T08:38:08.649Z] >>> [apiv2][query] GET https://cloudfunctions.googleapis.com/v1/operations/Zm9vZGVuaWUvdXMtY2VudHJhbDEvYXBwL0NMRjlOUHY3ekpV [none]
[debug] [2021-06-20T08:38:09.189Z] <<< [apiv2][status] GET https://cloudfunctions.googleapis.com/v1/operations/Zm9vZGVuaWUvdXMtY2VudHJhbDEvYXBwL0NMRjlOUHY3ekpV 200
[debug] [2021-06-20T08:38:09.191Z] <<< [apiv2][body] GET https://cloudfunctions.googleapis.com/v1/operations/Zm9vZGVuaWUvdXMtY2VudHJhbDEvYXBwL0NMRjlOUHY3ekpV {"name":"operations/Zm9vZGVuaWUvdXMtY2VudHJhbDEvYXBwL0NMRjlOUHY3ekpV","metadata":{"@type":"type.googleapis.com/google.cloud.functions.v1.OperationMetadataV1","target":"projects/foodenie/locations/us-central1/functions/app","type":"UPDATE_FUNCTION","request":{"@type":"type.googleapis.com/google.cloud.functions.v1.CloudFunction","name":"projects/foodenie/locations/us-central1/functions/app","httpsTrigger":{"url":"https://us-central1-foodenie.cloudfunctions.net/app","securityLevel":"SECURE_OPTIONAL"},"status":"ACTIVE","entryPoint":"app","timeout":"60s","availableMemoryMb":256,"serviceAccountEmail":"foodenie@appspot.gserviceaccount.com","updateTime":"2021-06-20T08:25:09.635Z","versionId":"25","labels":{"deployment-tool":"cli-firebase"},"sourceUploadUrl":"https://storage.googleapis.com/gcf-upload-us-central1-97876b47-89de-40a5-b2c9-ecbd2702d7a9/172c977c-4b07-4da9-a155-9e85055b4075.zip?GoogleAccessId=service-216532867841@gcf-admin-robot.iam.gserviceaccount.com&Expires=1624180082&Signature=NrQhZhyEbwZn1vFDQIHql4HagmCAcM2ylA9MB8pzmESS%2F4XRMXGXartunpHoOdWOTwd5bNK5yELwfkYukOzqS0aYVKE0VJ%2BSiJ1VibyZP0Dq3iCC28cGcWRmdSToc%2Bq7XsOFewlZ%2B0NejJXb8%2FxQJijkoGWiUaFUKUKJ%2FR69KVg8ujmkF9ocTBA8ifXHnRsn%2FR%2B%2FCHgKkpUbK7FOuk%2Fp914YE3KXSEehMMGPG0c8AoRUoSmqhsVmSEXfjSfBgdq3rfFuIeyjGwa7UcF7%2FXLRrbN14mJAmcNJNwAita5w2wqlsMyTmvwz7eqAIEBzT5AN%2FNVvKCXOC9pi3%2F9HAPsoqg%3D%3D","environmentVariables":{"FIREBASE_CONFIG":"{\"projectId\":\"foodenie\",\"databaseURL\":\"https://foodenie-default-rtdb.firebaseio.com\",\"storageBucket\":\"foodenie.appspot.com\",\"locationId\":\"asia-south1\"}"},"runtime":"nodejs14","ingressSettings":"ALLOW_ALL","buildId":"82cbaae4-1aba-43e8-84a3-71e17429cbda"},"versionId":"27","updateTime":"2021-06-20T08:38:07Z","buildId":"2a591d1c-6b62-443b-bd31-7466993a1fb5","buildName":"projects/216532867841/locations/us-central1/builds/2a591d1c-6b62-443b-bd31-7466993a1fb5"}}
[debug] [2021-06-20T08:38:10.202Z] [update-projects/foodenie/locations/us-central1/functions/app] Retrying task index 0
[debug] [2021-06-20T08:38:10.204Z] >>> [apiv2][query] GET https://cloudfunctions.googleapis.com/v1/operations/Zm9vZGVuaWUvdXMtY2VudHJhbDEvYXBwL0NMRjlOUHY3ekpV [none]
[debug] [2021-06-20T08:38:10.681Z] <<< [apiv2][status] GET https://cloudfunctions.googleapis.com/v1/operations/Zm9vZGVuaWUvdXMtY2VudHJhbDEvYXBwL0NMRjlOUHY3ekpV 200
[debug] [2021-06-20T08:38:10.683Z] <<< [apiv2][body] GET https://cloudfunctions.googleapis.com/v1/operations/Zm9vZGVuaWUvdXMtY2VudHJhbDEvYXBwL0NMRjlOUHY3ekpV {"name":"operations/Zm9vZGVuaWUvdXMtY2VudHJhbDEvYXBwL0NMRjlOUHY3ekpV","metadata":{"@type":"type.googleapis.com/google.cloud.functions.v1.OperationMetadataV1","target":"projects/foodenie/locations/us-central1/functions/app","type":"UPDATE_FUNCTION","request":{"@type":"type.googleapis.com/google.cloud.functions.v1.CloudFunction","name":"projects/foodenie/locations/us-central1/functions/app","httpsTrigger":{"url":"https://us-central1-foodenie.cloudfunctions.net/app","securityLevel":"SECURE_OPTIONAL"},"status":"ACTIVE","entryPoint":"app","timeout":"60s","availableMemoryMb":256,"serviceAccountEmail":"foodenie@appspot.gserviceaccount.com","updateTime":"2021-06-20T08:25:09.635Z","versionId":"25","labels":{"deployment-tool":"cli-firebase"},"sourceUploadUrl":"https://storage.googleapis.com/gcf-upload-us-central1-97876b47-89de-40a5-b2c9-ecbd2702d7a9/172c977c-4b07-4da9-a155-9e85055b4075.zip?GoogleAccessId=service-216532867841@gcf-admin-robot.iam.gserviceaccount.com&Expires=1624180082&Signature=NrQhZhyEbwZn1vFDQIHql4HagmCAcM2ylA9MB8pzmESS%2F4XRMXGXartunpHoOdWOTwd5bNK5yELwfkYukOzqS0aYVKE0VJ%2BSiJ1VibyZP0Dq3iCC28cGcWRmdSToc%2Bq7XsOFewlZ%2B0NejJXb8%2FxQJijkoGWiUaFUKUKJ%2FR69KVg8ujmkF9ocTBA8ifXHnRsn%2FR%2B%2FCHgKkpUbK7FOuk%2Fp914YE3KXSEehMMGPG0c8AoRUoSmqhsVmSEXfjSfBgdq3rfFuIeyjGwa7UcF7%2FXLRrbN14mJAmcNJNwAita5w2wqlsMyTmvwz7eqAIEBzT5AN%2FNVvKCXOC9pi3%2F9HAPsoqg%3D%3D","environmentVariables":{"FIREBASE_CONFIG":"{\"projectId\":\"foodenie\",\"databaseURL\":\"https://foodenie-default-rtdb.firebaseio.com\",\"storageBucket\":\"foodenie.appspot.com\",\"locationId\":\"asia-south1\"}"},"runtime":"nodejs14","ingressSettings":"ALLOW_ALL","buildId":"82cbaae4-1aba-43e8-84a3-71e17429cbda"},"versionId":"27","updateTime":"2021-06-20T08:38:07Z","buildId":"2a591d1c-6b62-443b-bd31-7466993a1fb5","buildName":"projects/216532867841/locations/us-central1/builds/2a591d1c-6b62-443b-bd31-7466993a1fb5"}}
[debug] [2021-06-20T08:38:12.698Z] [update-projects/foodenie/locations/us-central1/functions/app] Retrying task index 0
[debug] [2021-06-20T08:38:12.704Z] >>> [apiv2][query] GET https://cloudfunctions.googleapis.com/v1/operations/Zm9vZGVuaWUvdXMtY2VudHJhbDEvYXBwL0NMRjlOUHY3ekpV [none]
[debug] [2021-06-20T08:38:13.180Z] <<< [apiv2][status] GET https://cloudfunctions.googleapis.com/v1/operations/Zm9vZGVuaWUvdXMtY2VudHJhbDEvYXBwL0NMRjlOUHY3ekpV 200
[debug] [2021-06-20T08:38:13.182Z] <<< [apiv2][body] GET https://cloudfunctions.googleapis.com/v1/operations/Zm9vZGVuaWUvdXMtY2VudHJhbDEvYXBwL0NMRjlOUHY3ekpV {"name":"operations/Zm9vZGVuaWUvdXMtY2VudHJhbDEvYXBwL0NMRjlOUHY3ekpV","metadata":{"@type":"type.googleapis.com/google.cloud.functions.v1.OperationMetadataV1","target":"projects/foodenie/locations/us-central1/functions/app","type":"UPDATE_FUNCTION","request":{"@type":"type.googleapis.com/google.cloud.functions.v1.CloudFunction","name":"projects/foodenie/locations/us-central1/functions/app","httpsTrigger":{"url":"https://us-central1-foodenie.cloudfunctions.net/app","securityLevel":"SECURE_OPTIONAL"},"status":"ACTIVE","entryPoint":"app","timeout":"60s","availableMemoryMb":256,"serviceAccountEmail":"foodenie@appspot.gserviceaccount.com","updateTime":"2021-06-20T08:25:09.635Z","versionId":"25","labels":{"deployment-tool":"cli-firebase"},"sourceUploadUrl":"https://storage.googleapis.com/gcf-upload-us-central1-97876b47-89de-40a5-b2c9-ecbd2702d7a9/172c977c-4b07-4da9-a155-9e85055b4075.zip?GoogleAccessId=service-216532867841@gcf-admin-robot.iam.gserviceaccount.com&Expires=1624180082&Signature=NrQhZhyEbwZn1vFDQIHql4HagmCAcM2ylA9MB8pzmESS%2F4XRMXGXartunpHoOdWOTwd5bNK5yELwfkYukOzqS0aYVKE0VJ%2BSiJ1VibyZP0Dq3iCC28cGcWRmdSToc%2Bq7XsOFewlZ%2B0NejJXb8%2FxQJijkoGWiUaFUKUKJ%2FR69KVg8ujmkF9ocTBA8ifXHnRsn%2FR%2B%2FCHgKkpUbK7FOuk%2Fp914YE3KXSEehMMGPG0c8AoRUoSmqhsVmSEXfjSfBgdq3rfFuIeyjGwa7UcF7%2FXLRrbN14mJAmcNJNwAita5w2wqlsMyTmvwz7eqAIEBzT5AN%2FNVvKCXOC9pi3%2F9HAPsoqg%3D%3D","environmentVariables":{"FIREBASE_CONFIG":"{\"projectId\":\"foodenie\",\"databaseURL\":\"https://foodenie-default-rtdb.firebaseio.com\",\"storageBucket\":\"foodenie.appspot.com\",\"locationId\":\"asia-south1\"}"},"runtime":"nodejs14","ingressSettings":"ALLOW_ALL","buildId":"82cbaae4-1aba-43e8-84a3-71e17429cbda"},"versionId":"27","updateTime":"2021-06-20T08:38:07Z","buildId":"2a591d1c-6b62-443b-bd31-7466993a1fb5","buildName":"projects/216532867841/locations/us-central1/builds/2a591d1c-6b62-443b-bd31-7466993a1fb5"}}
[debug] [2021-06-20T08:38:17.192Z] [update-projects/foodenie/locations/us-central1/functions/app] Retrying task index 0
[debug] [2021-06-20T08:38:17.196Z] >>> [apiv2][query] GET https://cloudfunctions.googleapis.com/v1/operations/Zm9vZGVuaWUvdXMtY2VudHJhbDEvYXBwL0NMRjlOUHY3ekpV [none]
[debug] [2021-06-20T08:38:17.658Z] <<< [apiv2][status] GET https://cloudfunctions.googleapis.com/v1/operations/Zm9vZGVuaWUvdXMtY2VudHJhbDEvYXBwL0NMRjlOUHY3ekpV 200
[debug] [2021-06-20T08:38:17.660Z] <<< [apiv2][body] GET https://cloudfunctions.googleapis.com/v1/operations/Zm9vZGVuaWUvdXMtY2VudHJhbDEvYXBwL0NMRjlOUHY3ekpV {"name":"operations/Zm9vZGVuaWUvdXMtY2VudHJhbDEvYXBwL0NMRjlOUHY3ekpV","metadata":{"@type":"type.googleapis.com/google.cloud.functions.v1.OperationMetadataV1","target":"projects/foodenie/locations/us-central1/functions/app","type":"UPDATE_FUNCTION","request":{"@type":"type.googleapis.com/google.cloud.functions.v1.CloudFunction","name":"projects/foodenie/locations/us-central1/functions/app","httpsTrigger":{"url":"https://us-central1-foodenie.cloudfunctions.net/app","securityLevel":"SECURE_OPTIONAL"},"status":"ACTIVE","entryPoint":"app","timeout":"60s","availableMemoryMb":256,"serviceAccountEmail":"foodenie@appspot.gserviceaccount.com","updateTime":"2021-06-20T08:25:09.635Z","versionId":"25","labels":{"deployment-tool":"cli-firebase"},"sourceUploadUrl":"https://storage.googleapis.com/gcf-upload-us-central1-97876b47-89de-40a5-b2c9-ecbd2702d7a9/172c977c-4b07-4da9-a155-9e85055b4075.zip?GoogleAccessId=service-216532867841@gcf-admin-robot.iam.gserviceaccount.com&Expires=1624180082&Signature=NrQhZhyEbwZn1vFDQIHql4HagmCAcM2ylA9MB8pzmESS%2F4XRMXGXartunpHoOdWOTwd5bNK5yELwfkYukOzqS0aYVKE0VJ%2BSiJ1VibyZP0Dq3iCC28cGcWRmdSToc%2Bq7XsOFewlZ%2B0NejJXb8%2FxQJijkoGWiUaFUKUKJ%2FR69KVg8ujmkF9ocTBA8ifXHnRsn%2FR%2B%2FCHgKkpUbK7FOuk%2Fp914YE3KXSEehMMGPG0c8AoRUoSmqhsVmSEXfjSfBgdq3rfFuIeyjGwa7UcF7%2FXLRrbN14mJAmcNJNwAita5w2wqlsMyTmvwz7eqAIEBzT5AN%2FNVvKCXOC9pi3%2F9HAPsoqg%3D%3D","environmentVariables":{"FIREBASE_CONFIG":"{\"projectId\":\"foodenie\",\"databaseURL\":\"https://foodenie-default-rtdb.firebaseio.com\",\"storageBucket\":\"foodenie.appspot.com\",\"locationId\":\"asia-south1\"}"},"runtime":"nodejs14","ingressSettings":"ALLOW_ALL","buildId":"82cbaae4-1aba-43e8-84a3-71e17429cbda"},"versionId":"27","updateTime":"2021-06-20T08:38:07Z","buildId":"2a591d1c-6b62-443b-bd31-7466993a1fb5","buildName":"projects/216532867841/locations/us-central1/builds/2a591d1c-6b62-443b-bd31-7466993a1fb5"}}
[debug] [2021-06-20T08:38:25.679Z] [update-projects/foodenie/locations/us-central1/functions/app] Retrying task index 0
[debug] [2021-06-20T08:38:25.682Z] >>> [apiv2][query] GET https://cloudfunctions.googleapis.com/v1/operations/Zm9vZGVuaWUvdXMtY2VudHJhbDEvYXBwL0NMRjlOUHY3ekpV [none]
[debug] [2021-06-20T08:38:26.207Z] <<< [apiv2][status] GET https://cloudfunctions.googleapis.com/v1/operations/Zm9vZGVuaWUvdXMtY2VudHJhbDEvYXBwL0NMRjlOUHY3ekpV 200
[debug] [2021-06-20T08:38:26.209Z] <<< [apiv2][body] GET https://cloudfunctions.googleapis.com/v1/operations/Zm9vZGVuaWUvdXMtY2VudHJhbDEvYXBwL0NMRjlOUHY3ekpV {"name":"operations/Zm9vZGVuaWUvdXMtY2VudHJhbDEvYXBwL0NMRjlOUHY3ekpV","metadata":{"@type":"type.googleapis.com/google.cloud.functions.v1.OperationMetadataV1","target":"projects/foodenie/locations/us-central1/functions/app","type":"UPDATE_FUNCTION","request":{"@type":"type.googleapis.com/google.cloud.functions.v1.CloudFunction","name":"projects/foodenie/locations/us-central1/functions/app","httpsTrigger":{"url":"https://us-central1-foodenie.cloudfunctions.net/app","securityLevel":"SECURE_OPTIONAL"},"status":"ACTIVE","entryPoint":"app","timeout":"60s","availableMemoryMb":256,"serviceAccountEmail":"foodenie@appspot.gserviceaccount.com","updateTime":"2021-06-20T08:25:09.635Z","versionId":"25","labels":{"deployment-tool":"cli-firebase"},"sourceUploadUrl":"https://storage.googleapis.com/gcf-upload-us-central1-97876b47-89de-40a5-b2c9-ecbd2702d7a9/172c977c-4b07-4da9-a155-9e85055b4075.zip?GoogleAccessId=service-216532867841@gcf-admin-robot.iam.gserviceaccount.com&Expires=1624180082&Signature=NrQhZhyEbwZn1vFDQIHql4HagmCAcM2ylA9MB8pzmESS%2F4XRMXGXartunpHoOdWOTwd5bNK5yELwfkYukOzqS0aYVKE0VJ%2BSiJ1VibyZP0Dq3iCC28cGcWRmdSToc%2Bq7XsOFewlZ%2B0NejJXb8%2FxQJijkoGWiUaFUKUKJ%2FR69KVg8ujmkF9ocTBA8ifXHnRsn%2FR%2B%2FCHgKkpUbK7FOuk%2Fp914YE3KXSEehMMGPG0c8AoRUoSmqhsVmSEXfjSfBgdq3rfFuIeyjGwa7UcF7%2FXLRrbN14mJAmcNJNwAita5w2wqlsMyTmvwz7eqAIEBzT5AN%2FNVvKCXOC9pi3%2F9HAPsoqg%3D%3D","environmentVariables":{"FIREBASE_CONFIG":"{\"projectId\":\"foodenie\",\"databaseURL\":\"https://foodenie-default-rtdb.firebaseio.com\",\"storageBucket\":\"foodenie.appspot.com\",\"locationId\":\"asia-south1\"}"},"runtime":"nodejs14","ingressSettings":"ALLOW_ALL","buildId":"82cbaae4-1aba-43e8-84a3-71e17429cbda"},"versionId":"27","updateTime":"2021-06-20T08:38:07Z","buildId":"2a591d1c-6b62-443b-bd31-7466993a1fb5","buildName":"projects/216532867841/locations/us-central1/builds/2a591d1c-6b62-443b-bd31-7466993a1fb5"}}
[debug] [2021-06-20T08:38:42.218Z] [update-projects/foodenie/locations/us-central1/functions/app] Retrying task index 0
[debug] [2021-06-20T08:38:42.221Z] >>> [apiv2][query] GET https://cloudfunctions.googleapis.com/v1/operations/Zm9vZGVuaWUvdXMtY2VudHJhbDEvYXBwL0NMRjlOUHY3ekpV [none]
[debug] [2021-06-20T08:38:42.695Z] <<< [apiv2][status] GET https://cloudfunctions.googleapis.com/v1/operations/Zm9vZGVuaWUvdXMtY2VudHJhbDEvYXBwL0NMRjlOUHY3ekpV 200
[debug] [2021-06-20T08:38:42.697Z] <<< [apiv2][body] GET https://cloudfunctions.googleapis.com/v1/operations/Zm9vZGVuaWUvdXMtY2VudHJhbDEvYXBwL0NMRjlOUHY3ekpV {"name":"operations/Zm9vZGVuaWUvdXMtY2VudHJhbDEvYXBwL0NMRjlOUHY3ekpV","metadata":{"@type":"type.googleapis.com/google.cloud.functions.v1.OperationMetadataV1","target":"projects/foodenie/locations/us-central1/functions/app","type":"UPDATE_FUNCTION","request":{"@type":"type.googleapis.com/google.cloud.functions.v1.CloudFunction","name":"projects/foodenie/locations/us-central1/functions/app","httpsTrigger":{"url":"https://us-central1-foodenie.cloudfunctions.net/app","securityLevel":"SECURE_OPTIONAL"},"status":"ACTIVE","entryPoint":"app","timeout":"60s","availableMemoryMb":256,"serviceAccountEmail":"foodenie@appspot.gserviceaccount.com","updateTime":"2021-06-20T08:25:09.635Z","versionId":"25","labels":{"deployment-tool":"cli-firebase"},"sourceUploadUrl":"https://storage.googleapis.com/gcf-upload-us-central1-97876b47-89de-40a5-b2c9-ecbd2702d7a9/172c977c-4b07-4da9-a155-9e85055b4075.zip?GoogleAccessId=service-216532867841@gcf-admin-robot.iam.gserviceaccount.com&Expires=1624180082&Signature=NrQhZhyEbwZn1vFDQIHql4HagmCAcM2ylA9MB8pzmESS%2F4XRMXGXartunpHoOdWOTwd5bNK5yELwfkYukOzqS0aYVKE0VJ%2BSiJ1VibyZP0Dq3iCC28cGcWRmdSToc%2Bq7XsOFewlZ%2B0NejJXb8%2FxQJijkoGWiUaFUKUKJ%2FR69KVg8ujmkF9ocTBA8ifXHnRsn%2FR%2B%2FCHgKkpUbK7FOuk%2Fp914YE3KXSEehMMGPG0c8AoRUoSmqhsVmSEXfjSfBgdq3rfFuIeyjGwa7UcF7%2FXLRrbN14mJAmcNJNwAita5w2wqlsMyTmvwz7eqAIEBzT5AN%2FNVvKCXOC9pi3%2F9HAPsoqg%3D%3D","environmentVariables":{"FIREBASE_CONFIG":"{\"projectId\":\"foodenie\",\"databaseURL\":\"https://foodenie-default-rtdb.firebaseio.com\",\"storageBucket\":\"foodenie.appspot.com\",\"locationId\":\"asia-south1\"}"},"runtime":"nodejs14","ingressSettings":"ALLOW_ALL","buildId":"82cbaae4-1aba-43e8-84a3-71e17429cbda"},"versionId":"27","updateTime":"2021-06-20T08:38:07Z","buildId":"2a591d1c-6b62-443b-bd31-7466993a1fb5","buildName":"projects/216532867841/locations/us-central1/builds/2a591d1c-6b62-443b-bd31-7466993a1fb5"}}
[debug] [2021-06-20T08:39:14.712Z] [update-projects/foodenie/locations/us-central1/functions/app] Retrying task index 0
[debug] [2021-06-20T08:39:14.715Z] >>> [apiv2][query] GET https://cloudfunctions.googleapis.com/v1/operations/Zm9vZGVuaWUvdXMtY2VudHJhbDEvYXBwL0NMRjlOUHY3ekpV [none]
[debug] [2021-06-20T08:39:15.238Z] <<< [apiv2][status] GET https://cloudfunctions.googleapis.com/v1/operations/Zm9vZGVuaWUvdXMtY2VudHJhbDEvYXBwL0NMRjlOUHY3ekpV 200
[debug] [2021-06-20T08:39:15.241Z] <<< [apiv2][body] GET https://cloudfunctions.googleapis.com/v1/operations/Zm9vZGVuaWUvdXMtY2VudHJhbDEvYXBwL0NMRjlOUHY3ekpV {"name":"operations/Zm9vZGVuaWUvdXMtY2VudHJhbDEvYXBwL0NMRjlOUHY3ekpV","metadata":{"@type":"type.googleapis.com/google.cloud.functions.v1.OperationMetadataV1","target":"projects/foodenie/locations/us-central1/functions/app","type":"UPDATE_FUNCTION","request":{"@type":"type.googleapis.com/google.cloud.functions.v1.CloudFunction","name":"projects/foodenie/locations/us-central1/functions/app","httpsTrigger":{"url":"https://us-central1-foodenie.cloudfunctions.net/app","securityLevel":"SECURE_OPTIONAL"},"status":"ACTIVE","entryPoint":"app","timeout":"60s","availableMemoryMb":256,"serviceAccountEmail":"foodenie@appspot.gserviceaccount.com","updateTime":"2021-06-20T08:25:09.635Z","versionId":"25","labels":{"deployment-tool":"cli-firebase"},"sourceUploadUrl":"https://storage.googleapis.com/gcf-upload-us-central1-97876b47-89de-40a5-b2c9-ecbd2702d7a9/172c977c-4b07-4da9-a155-9e85055b4075.zip?GoogleAccessId=service-216532867841@gcf-admin-robot.iam.gserviceaccount.com&Expires=1624180082&Signature=NrQhZhyEbwZn1vFDQIHql4HagmCAcM2ylA9MB8pzmESS%2F4XRMXGXartunpHoOdWOTwd5bNK5yELwfkYukOzqS0aYVKE0VJ%2BSiJ1VibyZP0Dq3iCC28cGcWRmdSToc%2Bq7XsOFewlZ%2B0NejJXb8%2FxQJijkoGWiUaFUKUKJ%2FR69KVg8ujmkF9ocTBA8ifXHnRsn%2FR%2B%2FCHgKkpUbK7FOuk%2Fp914YE3KXSEehMMGPG0c8AoRUoSmqhsVmSEXfjSfBgdq3rfFuIeyjGwa7UcF7%2FXLRrbN14mJAmcNJNwAita5w2wqlsMyTmvwz7eqAIEBzT5AN%2FNVvKCXOC9pi3%2F9HAPsoqg%3D%3D","environmentVariables":{"FIREBASE_CONFIG":"{\"projectId\":\"foodenie\",\"databaseURL\":\"https://foodenie-default-rtdb.firebaseio.com\",\"storageBucket\":\"foodenie.appspot.com\",\"locationId\":\"asia-south1\"}"},"runtime":"nodejs14","ingressSettings":"ALLOW_ALL","buildId":"82cbaae4-1aba-43e8-84a3-71e17429cbda"},"versionId":"27","updateTime":"2021-06-20T08:39:02Z","buildId":"2a591d1c-6b62-443b-bd31-7466993a1fb5","sourceToken":"0b4d236b-e3db-4ca0-bd24-54d54925863f","buildName":"projects/216532867841/locations/us-central1/builds/2a591d1c-6b62-443b-bd31-7466993a1fb5"},"done":true,"error":{"code":3,"message":"Function failed on loading user code. This is likely due to a bug in the user code. Error message: Error: please examine your function logs to see the error cause: https://cloud.google.com/functions/docs/monitoring/logging#viewing_logs. Additional troubleshooting documentation can be found at https://cloud.google.com/functions/docs/troubleshooting#logging. Please visit https://cloud.google.com/functions/docs/troubleshooting for in-depth troubleshooting documentation."}}
[debug] [2021-06-20T08:39:15.252Z] Got sourceToken 0b4d236b-e3db-4ca0-bd24-54d54925863f for region us-central1
[debug] [2021-06-20T08:39:15.271Z] Total Function Deployment time: 68793
[debug] [2021-06-20T08:39:15.272Z] 1 Functions Deployed
[debug] [2021-06-20T08:39:15.273Z] 1 Functions Errored
[debug] [2021-06-20T08:39:15.274Z] Average Function Deployment time: 68791
[debug] [2021-06-20T08:39:15.278Z] > refreshing access token with scopes: ["email","https://www.googleapis.com/auth/cloud-platform","https://www.googleapis.com/auth/cloudplatformprojects.readonly","https://www.googleapis.com/auth/firebase","openid"]
[debug] [2021-06-20T08:39:15.279Z] >>> HTTP REQUEST POST https://www.googleapis.com/oauth2/v3/token  
 <request body omitted>
[debug] [2021-06-20T08:39:15.594Z] <<< HTTP RESPONSE 200 {"date":"Sun, 20 Jun 2021 08:39:15 GMT","expires":"Mon, 01 Jan 1990 00:00:00 GMT","cache-control":"no-cache, no-store, max-age=0, must-revalidate","pragma":"no-cache","content-type":"application/json; charset=utf-8","vary":"X-Origin, Referer, Origin,Accept-Encoding","server":"scaffolding on HTTPServer2","x-xss-protection":"0","x-frame-options":"SAMEORIGIN","x-content-type-options":"nosniff","alt-svc":"h3=\":443\"; ma=2592000,h3-29=\":443\"; ma=2592000,h3-T051=\":443\"; ma=2592000,h3-Q050=\":443\"; ma=2592000,h3-Q046=\":443\"; ma=2592000,h3-Q043=\":443\"; ma=2592000,quic=\":443\"; ma=2592000; v=\"46,43\"","accept-ranges":"none","transfer-encoding":"chunked"}
[debug] [2021-06-20T08:39:15.726Z] >>> HTTP REQUEST GET https://cloudfunctions.googleapis.com/v1/projects/foodenie/locations/-/functions  
 
[debug] [2021-06-20T08:39:16.458Z] <<< HTTP RESPONSE 200 {"content-type":"application/json; charset=UTF-8","vary":"X-Origin, Referer, Origin,Accept-Encoding","date":"Sun, 20 Jun 2021 08:39:16 GMT","server":"ESF","cache-control":"private","x-xss-protection":"0","x-frame-options":"SAMEORIGIN","x-content-type-options":"nosniff","alt-svc":"h3=\":443\"; ma=2592000,h3-29=\":443\"; ma=2592000,h3-T051=\":443\"; ma=2592000,h3-Q050=\":443\"; ma=2592000,h3-Q046=\":443\"; ma=2592000,h3-Q043=\":443\"; ma=2592000,quic=\":443\"; ma=2592000; v=\"46,43\"","accept-ranges":"none","transfer-encoding":"chunked"}
[info] 
Functions deploy had errors with the following functions:
[info] 	app(us-central1)
[info] 
To try redeploying those functions, run:
[info]     firebase deploy --only "functions:app"
[info] 
To continue deploying other features (such as database), run:
[info]     firebase deploy --except functions
[debug] [2021-06-20T08:39:16.479Z] 	Error during update for projects/foodenie/locations/us-central1/functions/app: 
[error] 
[error] Error: Functions did not deploy properly.
